2025-09-19 06:25:54,599 - config - INFO - Extracting files from URL: https://1024terabox.com/s/1eBHBOzcEI-VpUGA_xIcGQg using mode 2
2025-09-19 06:26:01,017 - config - ERROR - Error in extract_files - network error: ConnectionError: ('Connection aborted.', ConnectionResetError(10054, 'An existing connection was forcibly closed by the remote host', None, 10054, None))
2025-09-19 06:26:05,025 - config - INFO - Extracting files from URL: https://1024terabox.com/s/1eBHBOzcEI-VpUGA_xIcGQg using mode 3
2025-09-19 06:27:32,937 - config - INFO - Extracting files from URL: https://1024terabox.com/s/1bEQ7FfUlCoeVXeDr6BTBxQ using mode 1
2025-09-19 06:27:40,165 - config - ERROR - Error in extract_files - network error: ConnectionError: ('Connection aborted.', ConnectionResetError(10054, 'An existing connection was forcibly closed by the remote host', None, 10054, None))
2025-09-19 06:37:33,189 - config - INFO - Extracting files from URL: https://1024terabox.com/s/1eBHBOzcEI-VpUGA_xIcGQg using mode 3
2025-09-19 06:37:33,190 - config - INFO - Making GET request to https://1024terabox.com/s/1eBHBOzcEI-VpUGA_xIcGQg (attempt 1)
2025-09-19 06:37:36,493 - config - INFO - Request successful: 200
2025-09-19 06:37:36,493 - config - INFO - Making GET request to https://www.terabox.com/api/shorturlinfo?app_id=250528&shorturl=1eBHBOzcEI-VpUGA_xIcGQg&root=1 (attempt 1)
2025-09-19 06:37:37,956 - config - INFO - Request successful: 200
2025-09-19 06:37:37,957 - config - ERROR - Error in _extract_mode3: ExtractionError: No files found in the response
2025-09-19 06:37:49,455 - config - INFO - Extracting files from URL: https://1024terabox.com/s/1bEQ7FfUlCoeVXeDr6BTBxQ using mode 3
2025-09-19 06:37:49,456 - config - INFO - Making GET request to https://1024terabox.com/s/1bEQ7FfUlCoeVXeDr6BTBxQ (attempt 1)
2025-09-19 06:37:53,261 - config - INFO - Request successful: 200
2025-09-19 06:37:53,261 - config - INFO - Making GET request to https://www.terabox.com/api/shorturlinfo?app_id=250528&shorturl=1bEQ7FfUlCoeVXeDr6BTBxQ&root=1 (attempt 1)
2025-09-19 06:37:54,039 - urllib3.connectionpool - WARNING - Retrying (Retry(total=2, connect=None, read=None, redirect=None, status=None)) after connection broken by 'ConnectionResetError(10054, 'An existing connection was forcibly closed by the remote host', None, 10054, None)': /api/shorturlinfo?app_id=250528&shorturl=1bEQ7FfUlCoeVXeDr6BTBxQ&root=1
2025-09-19 06:37:55,675 - config - INFO - Request successful: 200
2025-09-19 06:37:55,675 - config - ERROR - Error in _extract_mode3: ExtractionError: No files found in the response
2025-09-19 07:28:34,973 - config - ERROR - Error in validate_cookie: InvalidHeader: Invalid leading whitespace, reserved character(s), or return character(s) in header value: 'ndus=YTPCx3HteHuiTKwwj6PPILIMYd289p4DO3G0qh4D; BDUSS=your_bduss_value; STOKEN=your_stoken; \n    lang=en; csrfToken=7xRpvsKNrY3d5J3j_C6kuJN0; other_cookies=values;'
2025-09-19 07:39:02,669 - config - ERROR - Error in validate_cookie: ConnectionError: ('Connection aborted.', ConnectionResetError(10054, 'An existing connection was forcibly closed by the remote host', None, 10054, None))
